mode: set
github.com/scttfrdmn/macos-nat-manager/cmd/nat-manager/main.go:18.13,24.38 4 0
github.com/scttfrdmn/macos-nat-manager/cmd/nat-manager/main.go:24.38,27.3 2 0
github.com/scttfrdmn/macos-nat-manager/internal/tui/tui-app.go:27.38,46.2 2 1
github.com/scttfrdmn/macos-nat-manager/internal/tui/tui-app.go:49.27,55.12 4 0
github.com/scttfrdmn/macos-nat-manager/internal/tui/tui-app.go:55.12,60.3 4 0
github.com/scttfrdmn/macos-nat-manager/internal/tui/tui-app.go:62.2,63.12 2 0
github.com/scttfrdmn/macos-nat-manager/internal/tui/tui-app.go:66.36,101.2 10 1
github.com/scttfrdmn/macos-nat-manager/internal/tui/tui-app.go:103.25,105.26 1 0
github.com/scttfrdmn/macos-nat-manager/internal/tui/tui-app.go:105.26,107.45 2 0
github.com/scttfrdmn/macos-nat-manager/internal/tui/tui-app.go:107.45,109.4 1 0
github.com/scttfrdmn/macos-nat-manager/internal/tui/tui-app.go:111.2,111.21 1 0
github.com/scttfrdmn/macos-nat-manager/internal/tui/tui-app.go:128.21,129.59 1 1
github.com/scttfrdmn/macos-nat-manager/internal/tui/tui-app.go:129.59,131.3 1 0
github.com/scttfrdmn/macos-nat-manager/internal/tui/tui-app.go:134.50,135.24 1 1
github.com/scttfrdmn/macos-nat-manager/internal/tui/tui-app.go:135.24,137.17 2 0
github.com/scttfrdmn/macos-nat-manager/internal/tui/tui-app.go:137.17,139.4 1 0
github.com/scttfrdmn/macos-nat-manager/internal/tui/tui-app.go:140.3,140.47 1 0
github.com/scttfrdmn/macos-nat-manager/internal/tui/tui-app.go:144.51,145.24 1 0
github.com/scttfrdmn/macos-nat-manager/internal/tui/tui-app.go:145.24,147.17 2 0
github.com/scttfrdmn/macos-nat-manager/internal/tui/tui-app.go:147.17,149.4 1 0
github.com/scttfrdmn/macos-nat-manager/internal/tui/tui-app.go:150.3,150.50 1 0
github.com/scttfrdmn/macos-nat-manager/internal/tui/tui-app.go:154.45,155.24 1 0
github.com/scttfrdmn/macos-nat-manager/internal/tui/tui-app.go:155.24,157.17 2 0
github.com/scttfrdmn/macos-nat-manager/internal/tui/tui-app.go:157.17,159.4 1 0
github.com/scttfrdmn/macos-nat-manager/internal/tui/tui-app.go:160.3,160.47 1 0
github.com/scttfrdmn/macos-nat-manager/internal/tui/tui-app.go:164.48,165.24 1 0
github.com/scttfrdmn/macos-nat-manager/internal/tui/tui-app.go:165.24,167.17 2 0
github.com/scttfrdmn/macos-nat-manager/internal/tui/tui-app.go:167.17,169.4 1 0
github.com/scttfrdmn/macos-nat-manager/internal/tui/tui-app.go:170.3,170.47 1 0
github.com/scttfrdmn/macos-nat-manager/internal/tui/tui-models.go:34.31,39.2 1 1
github.com/scttfrdmn/macos-nat-manager/internal/tui/tui-models.go:42.57,43.27 1 0
github.com/scttfrdmn/macos-nat-manager/internal/tui/tui-models.go:44.25,45.33 1 0
github.com/scttfrdmn/macos-nat-manager/internal/tui/tui-models.go:46.21,47.33 1 0
github.com/scttfrdmn/macos-nat-manager/internal/tui/tui-models.go:48.22,49.34 1 0
github.com/scttfrdmn/macos-nat-manager/internal/tui/tui-models.go:50.20,51.32 1 0
github.com/scttfrdmn/macos-nat-manager/internal/tui/tui-models.go:52.15,53.24 1 0
github.com/scttfrdmn/macos-nat-manager/internal/tui/tui-models.go:54.18,55.29 1 0
github.com/scttfrdmn/macos-nat-manager/internal/tui/tui-models.go:57.2,57.15 1 0
github.com/scttfrdmn/macos-nat-manager/internal/tui/tui-models.go:60.77,65.2 4 1
github.com/scttfrdmn/macos-nat-manager/internal/tui/tui-models.go:67.73,70.37 3 1
github.com/scttfrdmn/macos-nat-manager/internal/tui/tui-models.go:70.37,72.3 1 1
github.com/scttfrdmn/macos-nat-manager/internal/tui/tui-models.go:73.2,74.15 2 1
github.com/scttfrdmn/macos-nat-manager/internal/tui/tui-models.go:77.75,80.37 3 1
github.com/scttfrdmn/macos-nat-manager/internal/tui/tui-models.go:80.37,82.3 1 1
github.com/scttfrdmn/macos-nat-manager/internal/tui/tui-models.go:83.2,84.15 2 1
github.com/scttfrdmn/macos-nat-manager/internal/tui/tui-models.go:87.71,88.17 1 1
github.com/scttfrdmn/macos-nat-manager/internal/tui/tui-models.go:88.17,90.3 1 1
github.com/scttfrdmn/macos-nat-manager/internal/tui/tui-models.go:90.8,92.3 1 0
github.com/scttfrdmn/macos-nat-manager/internal/tui/tui-models.go:93.2,93.15 1 1
github.com/scttfrdmn/macos-nat-manager/internal/tui/tui-models.go:96.50,97.26 1 1
github.com/scttfrdmn/macos-nat-manager/internal/tui/tui-models.go:97.26,99.3 1 0
github.com/scttfrdmn/macos-nat-manager/internal/tui/tui-models.go:100.2,100.18 1 1
github.com/scttfrdmn/macos-nat-manager/internal/tui/tui-models.go:103.66,104.23 1 0
github.com/scttfrdmn/macos-nat-manager/internal/tui/tui-models.go:105.14,106.31 1 0
github.com/scttfrdmn/macos-nat-manager/internal/tui/tui-models.go:107.20,108.36 1 0
github.com/scttfrdmn/macos-nat-manager/internal/tui/tui-models.go:109.16,110.33 1 0
github.com/scttfrdmn/macos-nat-manager/internal/tui/tui-models.go:111.17,112.34 1 0
github.com/scttfrdmn/macos-nat-manager/internal/tui/tui-models.go:113.15,114.32 1 0
github.com/scttfrdmn/macos-nat-manager/internal/tui/tui-models.go:116.2,116.15 1 0
github.com/scttfrdmn/macos-nat-manager/internal/tui/tui-models.go:119.68,120.22 1 0
github.com/scttfrdmn/macos-nat-manager/internal/tui/tui-models.go:121.28,123.21 2 0
github.com/scttfrdmn/macos-nat-manager/internal/tui/tui-models.go:124.11,126.37 2 0
github.com/scttfrdmn/macos-nat-manager/internal/tui/tui-models.go:127.11,129.16 2 0
github.com/scttfrdmn/macos-nat-manager/internal/tui/tui-models.go:130.11,131.75 1 0
github.com/scttfrdmn/macos-nat-manager/internal/tui/tui-models.go:131.75,133.4 1 0
github.com/scttfrdmn/macos-nat-manager/internal/tui/tui-models.go:134.3,135.16 2 0
github.com/scttfrdmn/macos-nat-manager/internal/tui/tui-models.go:136.11,137.27 1 0
github.com/scttfrdmn/macos-nat-manager/internal/tui/tui-models.go:137.27,140.4 2 0
github.com/scttfrdmn/macos-nat-manager/internal/tui/tui-models.go:141.3,142.16 2 0
github.com/scttfrdmn/macos-nat-manager/internal/tui/tui-models.go:143.11,144.27 1 0
github.com/scttfrdmn/macos-nat-manager/internal/tui/tui-models.go:144.27,146.4 1 0
github.com/scttfrdmn/macos-nat-manager/internal/tui/tui-models.go:147.3,148.16 2 0
github.com/scttfrdmn/macos-nat-manager/internal/tui/tui-models.go:150.2,150.15 1 0
github.com/scttfrdmn/macos-nat-manager/internal/tui/tui-models.go:153.73,154.22 1 0
github.com/scttfrdmn/macos-nat-manager/internal/tui/tui-models.go:155.18,157.16 2 0
github.com/scttfrdmn/macos-nat-manager/internal/tui/tui-models.go:158.11,159.28 1 0
github.com/scttfrdmn/macos-nat-manager/internal/tui/tui-models.go:159.28,162.4 2 0
github.com/scttfrdmn/macos-nat-manager/internal/tui/tui-models.go:163.3,163.16 1 0
github.com/scttfrdmn/macos-nat-manager/internal/tui/tui-models.go:164.11,165.28 1 0
github.com/scttfrdmn/macos-nat-manager/internal/tui/tui-models.go:165.28,168.4 2 0
github.com/scttfrdmn/macos-nat-manager/internal/tui/tui-models.go:169.3,169.16 1 0
github.com/scttfrdmn/macos-nat-manager/internal/tui/tui-models.go:170.11,171.37 1 0
github.com/scttfrdmn/macos-nat-manager/internal/tui/tui-models.go:174.2,176.15 3 0
github.com/scttfrdmn/macos-nat-manager/internal/tui/tui-models.go:179.70,180.22 1 0
github.com/scttfrdmn/macos-nat-manager/internal/tui/tui-models.go:181.18,183.16 2 0
github.com/scttfrdmn/macos-nat-manager/internal/tui/tui-models.go:184.11,189.16 5 0
github.com/scttfrdmn/macos-nat-manager/internal/tui/tui-models.go:190.11,195.16 5 0
github.com/scttfrdmn/macos-nat-manager/internal/tui/tui-models.go:196.11,201.16 5 0
github.com/scttfrdmn/macos-nat-manager/internal/tui/tui-models.go:203.2,203.15 1 0
github.com/scttfrdmn/macos-nat-manager/internal/tui/tui-models.go:206.71,207.22 1 0
github.com/scttfrdmn/macos-nat-manager/internal/tui/tui-models.go:208.18,210.16 2 0
github.com/scttfrdmn/macos-nat-manager/internal/tui/tui-models.go:211.11,212.38 1 0
github.com/scttfrdmn/macos-nat-manager/internal/tui/tui-models.go:215.2,217.15 3 0
github.com/scttfrdmn/macos-nat-manager/internal/tui/tui-models.go:220.69,221.22 1 0
github.com/scttfrdmn/macos-nat-manager/internal/tui/tui-models.go:222.15,224.23 2 0
github.com/scttfrdmn/macos-nat-manager/internal/tui/tui-models.go:225.18,226.36 1 0
github.com/scttfrdmn/macos-nat-manager/internal/tui/tui-models.go:227.21,228.36 1 0
github.com/scttfrdmn/macos-nat-manager/internal/tui/tui-models.go:229.19,230.34 1 0
github.com/scttfrdmn/macos-nat-manager/internal/tui/tui-models.go:232.3,237.41 4 0
github.com/scttfrdmn/macos-nat-manager/internal/tui/tui-models.go:237.41,239.4 1 0
github.com/scttfrdmn/macos-nat-manager/internal/tui/tui-models.go:241.3,241.16 1 0
github.com/scttfrdmn/macos-nat-manager/internal/tui/tui-models.go:242.13,246.16 4 0
github.com/scttfrdmn/macos-nat-manager/internal/tui/tui-models.go:249.2,251.15 3 0
github.com/scttfrdmn/macos-nat-manager/internal/tui/tui-models.go:259.39,261.2 1 1
github.com/scttfrdmn/macos-nat-manager/internal/tui/tui-models.go:263.45,265.2 1 1
github.com/scttfrdmn/macos-nat-manager/internal/tui/tui-models.go:267.45,269.2 1 1
github.com/scttfrdmn/macos-nat-manager/internal/tui/tui-views.go:37.30,38.23 1 0
github.com/scttfrdmn/macos-nat-manager/internal/tui/tui-views.go:39.14,40.22 1 0
github.com/scttfrdmn/macos-nat-manager/internal/tui/tui-views.go:41.20,42.28 1 0
github.com/scttfrdmn/macos-nat-manager/internal/tui/tui-views.go:43.16,44.24 1 0
github.com/scttfrdmn/macos-nat-manager/internal/tui/tui-views.go:45.17,46.25 1 0
github.com/scttfrdmn/macos-nat-manager/internal/tui/tui-views.go:47.15,48.23 1 0
github.com/scttfrdmn/macos-nat-manager/internal/tui/tui-views.go:49.10,50.22 1 0
github.com/scttfrdmn/macos-nat-manager/internal/tui/tui-views.go:54.34,56.26 2 0
github.com/scttfrdmn/macos-nat-manager/internal/tui/tui-views.go:56.26,58.3 1 0
github.com/scttfrdmn/macos-nat-manager/internal/tui/tui-views.go:58.8,60.3 1 0
github.com/scttfrdmn/macos-nat-manager/internal/tui/tui-views.go:62.2,65.74 3 0
github.com/scttfrdmn/macos-nat-manager/internal/tui/tui-views.go:65.74,68.3 2 0
github.com/scttfrdmn/macos-nat-manager/internal/tui/tui-views.go:68.8,70.3 1 0
github.com/scttfrdmn/macos-nat-manager/internal/tui/tui-views.go:72.2,78.18 6 0
github.com/scttfrdmn/macos-nat-manager/internal/tui/tui-views.go:78.18,80.3 1 0
github.com/scttfrdmn/macos-nat-manager/internal/tui/tui-views.go:82.2,83.16 2 0
github.com/scttfrdmn/macos-nat-manager/internal/tui/tui-views.go:86.40,89.74 2 0
github.com/scttfrdmn/macos-nat-manager/internal/tui/tui-views.go:89.74,92.3 1 0
github.com/scttfrdmn/macos-nat-manager/internal/tui/tui-views.go:94.2,102.16 6 0
github.com/scttfrdmn/macos-nat-manager/internal/tui/tui-views.go:105.36,122.74 11 0
github.com/scttfrdmn/macos-nat-manager/internal/tui/tui-views.go:122.74,124.3 1 0
github.com/scttfrdmn/macos-nat-manager/internal/tui/tui-views.go:124.8,126.3 1 0
github.com/scttfrdmn/macos-nat-manager/internal/tui/tui-views.go:128.2,129.16 2 0
github.com/scttfrdmn/macos-nat-manager/internal/tui/tui-views.go:132.37,146.28 4 0
github.com/scttfrdmn/macos-nat-manager/internal/tui/tui-views.go:146.28,148.3 1 0
github.com/scttfrdmn/macos-nat-manager/internal/tui/tui-views.go:148.8,150.3 1 0
github.com/scttfrdmn/macos-nat-manager/internal/tui/tui-views.go:153.2,153.54 1 0
github.com/scttfrdmn/macos-nat-manager/internal/tui/tui-views.go:153.54,156.3 2 0
github.com/scttfrdmn/macos-nat-manager/internal/tui/tui-views.go:158.2,159.16 2 0
github.com/scttfrdmn/macos-nat-manager/internal/tui/tui-views.go:162.35,168.22 4 0
github.com/scttfrdmn/macos-nat-manager/internal/tui/tui-views.go:169.17,171.79 2 0
github.com/scttfrdmn/macos-nat-manager/internal/tui/tui-views.go:172.20,174.78 2 0
github.com/scttfrdmn/macos-nat-manager/internal/tui/tui-views.go:175.18,177.77 2 0
github.com/scttfrdmn/macos-nat-manager/internal/tui/tui-views.go:180.2,184.16 5 0
github.com/scttfrdmn/macos-nat-manager/internal/tui/tui-views.go:188.55,189.17 1 1
github.com/scttfrdmn/macos-nat-manager/internal/tui/tui-views.go:189.17,191.3 1 1
github.com/scttfrdmn/macos-nat-manager/internal/tui/tui-views.go:192.2,192.35 1 1
github.com/scttfrdmn/macos-nat-manager/internal/tui/tui-views.go:195.49,196.52 1 0
github.com/scttfrdmn/macos-nat-manager/internal/tui/tui-views.go:196.52,198.3 1 0
github.com/scttfrdmn/macos-nat-manager/internal/tui/tui-views.go:199.2,199.14 1 0
github.com/scttfrdmn/macos-nat-manager/internal/config/config-package.go:32.24,44.2 1 1
github.com/scttfrdmn/macos-nat-manager/internal/config/config-package.go:47.30,49.16 2 1
github.com/scttfrdmn/macos-nat-manager/internal/config/config-package.go:49.16,51.3 1 0
github.com/scttfrdmn/macos-nat-manager/internal/config/config-package.go:53.2,53.29 1 1
github.com/scttfrdmn/macos-nat-manager/internal/config/config-package.go:57.45,59.49 1 1
github.com/scttfrdmn/macos-nat-manager/internal/config/config-package.go:59.49,61.3 1 1
github.com/scttfrdmn/macos-nat-manager/internal/config/config-package.go:63.2,64.16 2 1
github.com/scttfrdmn/macos-nat-manager/internal/config/config-package.go:64.16,66.3 1 0
github.com/scttfrdmn/macos-nat-manager/internal/config/config-package.go:68.2,69.54 2 1
github.com/scttfrdmn/macos-nat-manager/internal/config/config-package.go:69.54,71.3 1 0
github.com/scttfrdmn/macos-nat-manager/internal/config/config-package.go:74.2,74.34 1 1
github.com/scttfrdmn/macos-nat-manager/internal/config/config-package.go:74.34,76.3 1 0
github.com/scttfrdmn/macos-nat-manager/internal/config/config-package.go:77.2,77.34 1 1
github.com/scttfrdmn/macos-nat-manager/internal/config/config-package.go:77.34,79.3 1 0
github.com/scttfrdmn/macos-nat-manager/internal/config/config-package.go:80.2,80.32 1 1
github.com/scttfrdmn/macos-nat-manager/internal/config/config-package.go:80.32,82.3 1 0
github.com/scttfrdmn/macos-nat-manager/internal/config/config-package.go:83.2,83.34 1 1
github.com/scttfrdmn/macos-nat-manager/internal/config/config-package.go:83.34,85.3 1 0
github.com/scttfrdmn/macos-nat-manager/internal/config/config-package.go:86.2,86.33 1 1
github.com/scttfrdmn/macos-nat-manager/internal/config/config-package.go:86.33,88.3 1 0
github.com/scttfrdmn/macos-nat-manager/internal/config/config-package.go:90.2,90.21 1 1
github.com/scttfrdmn/macos-nat-manager/internal/config/config-package.go:94.31,96.16 2 1
github.com/scttfrdmn/macos-nat-manager/internal/config/config-package.go:96.16,98.3 1 0
github.com/scttfrdmn/macos-nat-manager/internal/config/config-package.go:100.2,100.29 1 1
github.com/scttfrdmn/macos-nat-manager/internal/config/config-package.go:104.44,106.62 1 1
github.com/scttfrdmn/macos-nat-manager/internal/config/config-package.go:106.62,108.3 1 0
github.com/scttfrdmn/macos-nat-manager/internal/config/config-package.go:110.2,111.16 2 1
github.com/scttfrdmn/macos-nat-manager/internal/config/config-package.go:111.16,113.3 1 0
github.com/scttfrdmn/macos-nat-manager/internal/config/config-package.go:115.2,115.55 1 1
github.com/scttfrdmn/macos-nat-manager/internal/config/config-package.go:115.55,117.3 1 0
github.com/scttfrdmn/macos-nat-manager/internal/config/config-package.go:119.2,119.12 1 1
github.com/scttfrdmn/macos-nat-manager/internal/config/config-package.go:123.35,124.31 1 1
github.com/scttfrdmn/macos-nat-manager/internal/config/config-package.go:124.31,126.3 1 1
github.com/scttfrdmn/macos-nat-manager/internal/config/config-package.go:128.2,128.31 1 1
github.com/scttfrdmn/macos-nat-manager/internal/config/config-package.go:128.31,130.3 1 1
github.com/scttfrdmn/macos-nat-manager/internal/config/config-package.go:132.2,132.29 1 1
github.com/scttfrdmn/macos-nat-manager/internal/config/config-package.go:132.29,134.3 1 1
github.com/scttfrdmn/macos-nat-manager/internal/config/config-package.go:136.2,136.29 1 1
github.com/scttfrdmn/macos-nat-manager/internal/config/config-package.go:136.29,138.3 1 1
github.com/scttfrdmn/macos-nat-manager/internal/config/config-package.go:140.2,140.27 1 1
github.com/scttfrdmn/macos-nat-manager/internal/config/config-package.go:140.27,142.3 1 1
github.com/scttfrdmn/macos-nat-manager/internal/config/config-package.go:144.2,144.12 1 1
github.com/scttfrdmn/macos-nat-manager/internal/config/config-package.go:148.40,150.2 1 1
github.com/scttfrdmn/macos-nat-manager/internal/config/config-package.go:153.43,155.2 1 1
github.com/scttfrdmn/macos-nat-manager/internal/config/config-package.go:158.38,160.16 2 1
github.com/scttfrdmn/macos-nat-manager/internal/config/config-package.go:160.16,162.3 1 0
github.com/scttfrdmn/macos-nat-manager/internal/config/config-package.go:164.2,164.74 1 1
github.com/scttfrdmn/macos-nat-manager/internal/config/config-package.go:168.41,170.16 2 0
github.com/scttfrdmn/macos-nat-manager/internal/config/config-package.go:170.16,172.3 1 0
github.com/scttfrdmn/macos-nat-manager/internal/config/config-package.go:174.2,174.73 1 0
github.com/scttfrdmn/macos-nat-manager/internal/nat/manager.go:53.42,57.2 1 1
github.com/scttfrdmn/macos-nat-manager/internal/nat/manager.go:60.70,62.16 2 1
github.com/scttfrdmn/macos-nat-manager/internal/nat/manager.go:62.16,64.3 1 0
github.com/scttfrdmn/macos-nat-manager/internal/nat/manager.go:66.2,67.35 2 1
github.com/scttfrdmn/macos-nat-manager/internal/nat/manager.go:67.35,69.17 2 1
github.com/scttfrdmn/macos-nat-manager/internal/nat/manager.go:69.17,70.12 1 0
github.com/scttfrdmn/macos-nat-manager/internal/nat/manager.go:73.3,74.30 2 1
github.com/scttfrdmn/macos-nat-manager/internal/nat/manager.go:74.30,75.68 1 1
github.com/scttfrdmn/macos-nat-manager/internal/nat/manager.go:75.68,76.30 1 1
github.com/scttfrdmn/macos-nat-manager/internal/nat/manager.go:76.30,78.11 2 1
github.com/scttfrdmn/macos-nat-manager/internal/nat/manager.go:83.3,84.34 2 1
github.com/scttfrdmn/macos-nat-manager/internal/nat/manager.go:84.34,86.4 1 1
github.com/scttfrdmn/macos-nat-manager/internal/nat/manager.go:88.3,93.5 1 1
github.com/scttfrdmn/macos-nat-manager/internal/nat/manager.go:96.2,96.20 1 1
github.com/scttfrdmn/macos-nat-manager/internal/nat/manager.go:100.36,101.21 1 1
github.com/scttfrdmn/macos-nat-manager/internal/nat/manager.go:101.21,103.3 1 1
github.com/scttfrdmn/macos-nat-manager/internal/nat/manager.go:106.2,106.61 1 0
github.com/scttfrdmn/macos-nat-manager/internal/nat/manager.go:106.61,113.35 5 0
github.com/scttfrdmn/macos-nat-manager/internal/nat/manager.go:113.35,115.4 1 0
github.com/scttfrdmn/macos-nat-manager/internal/nat/manager.go:119.2,120.34 2 0
github.com/scttfrdmn/macos-nat-manager/internal/nat/manager.go:120.34,122.3 1 0
github.com/scttfrdmn/macos-nat-manager/internal/nat/manager.go:125.2,129.34 3 0
github.com/scttfrdmn/macos-nat-manager/internal/nat/manager.go:129.34,131.3 1 0
github.com/scttfrdmn/macos-nat-manager/internal/nat/manager.go:134.2,135.34 2 0
github.com/scttfrdmn/macos-nat-manager/internal/nat/manager.go:135.34,137.3 1 0
github.com/scttfrdmn/macos-nat-manager/internal/nat/manager.go:140.2,140.44 1 0
github.com/scttfrdmn/macos-nat-manager/internal/nat/manager.go:140.44,142.3 1 0
github.com/scttfrdmn/macos-nat-manager/internal/nat/manager.go:144.2,145.12 2 0
github.com/scttfrdmn/macos-nat-manager/internal/nat/manager.go:149.35,150.21 1 1
github.com/scttfrdmn/macos-nat-manager/internal/nat/manager.go:150.21,152.3 1 1
github.com/scttfrdmn/macos-nat-manager/internal/nat/manager.go:155.2,158.61 2 0
github.com/scttfrdmn/macos-nat-manager/internal/nat/manager.go:158.61,160.3 1 0
github.com/scttfrdmn/macos-nat-manager/internal/nat/manager.go:163.2,169.12 4 0
github.com/scttfrdmn/macos-nat-manager/internal/nat/manager.go:173.64,178.16 4 1
github.com/scttfrdmn/macos-nat-manager/internal/nat/manager.go:178.16,181.3 1 0
github.com/scttfrdmn/macos-nat-manager/internal/nat/manager.go:182.2,185.21 3 1
github.com/scttfrdmn/macos-nat-manager/internal/nat/manager.go:185.21,188.24 3 1
github.com/scttfrdmn/macos-nat-manager/internal/nat/manager.go:188.24,195.4 1 0
github.com/scttfrdmn/macos-nat-manager/internal/nat/manager.go:198.2,198.25 1 1
github.com/scttfrdmn/macos-nat-manager/internal/nat/manager.go:202.35,203.21 1 1
github.com/scttfrdmn/macos-nat-manager/internal/nat/manager.go:203.21,205.3 1 1
github.com/scttfrdmn/macos-nat-manager/internal/nat/manager.go:206.2,206.24 1 1
github.com/scttfrdmn/macos-nat-manager/internal/nat/manager.go:210.39,212.2 1 1
github.com/scttfrdmn/macos-nat-manager/internal/nat/manager.go:215.29,219.2 3 1
github.com/scttfrdmn/macos-nat-manager/internal/nat/manager.go:222.43,237.42 3 0
github.com/scttfrdmn/macos-nat-manager/internal/nat/manager.go:237.42,239.3 1 0
github.com/scttfrdmn/macos-nat-manager/internal/nat/manager.go:241.2,242.36 2 0
github.com/scttfrdmn/macos-nat-manager/internal/nat/manager.go:242.36,244.3 1 0
github.com/scttfrdmn/macos-nat-manager/internal/nat/manager.go:246.2,247.12 2 0
github.com/scttfrdmn/macos-nat-manager/internal/nat/manager.go:274.48,276.24 2 1
github.com/scttfrdmn/macos-nat-manager/internal/nat/manager.go:276.24,278.3 1 0
github.com/scttfrdmn/macos-nat-manager/internal/nat/manager.go:280.2,295.21 3 1
github.com/scttfrdmn/macos-nat-manager/internal/nat/manager.go:295.21,297.3 1 0
github.com/scttfrdmn/macos-nat-manager/internal/nat/manager.go:300.2,300.38 1 1
github.com/scttfrdmn/macos-nat-manager/internal/nat/manager.go:300.38,302.46 2 1
github.com/scttfrdmn/macos-nat-manager/internal/nat/manager.go:302.46,304.74 2 1
github.com/scttfrdmn/macos-nat-manager/internal/nat/manager.go:304.74,306.5 1 1
github.com/scttfrdmn/macos-nat-manager/internal/nat/manager.go:310.2,310.20 1 1
github.com/scttfrdmn/macos-nat-manager/internal/nat/manager.go:314.43,315.35 1 1
github.com/scttfrdmn/macos-nat-manager/internal/nat/manager.go:315.35,317.3 1 1
github.com/scttfrdmn/macos-nat-manager/internal/nat/manager.go:317.8,317.77 1 1
github.com/scttfrdmn/macos-nat-manager/internal/nat/manager.go:317.77,319.3 1 1
github.com/scttfrdmn/macos-nat-manager/internal/nat/manager.go:319.8,319.46 1 1
github.com/scttfrdmn/macos-nat-manager/internal/nat/manager.go:319.46,321.3 1 1
github.com/scttfrdmn/macos-nat-manager/internal/nat/manager.go:321.8,321.42 1 1
github.com/scttfrdmn/macos-nat-manager/internal/nat/manager.go:321.42,323.3 1 1
github.com/scttfrdmn/macos-nat-manager/internal/nat/manager.go:324.2,324.16 1 1
